<?xml version="1.0" encoding="UTF-8"?>
<coverage generated="1728111124027" clover="3.2.0">
  <project timestamp="1728111124027" name="All files">
    <metrics statements="97" coveredstatements="88" conditionals="45" coveredconditionals="34" methods="13" coveredmethods="11" elements="155" coveredelements="133" complexity="0" loc="97" ncloc="97" packages="1" files="1" classes="1"/>
    <file name="Tree.ts" path="/Users/tsungyu/Desktop/Develop-plugin/.obsidian/plugins/Obsidian-Canvas-helps/src/Tree.ts">
      <metrics statements="97" coveredstatements="88" conditionals="45" coveredconditionals="34" methods="13" coveredmethods="11"/>
      <line num="7" count="15" type="stmt"/>
      <line num="11" count="0" type="stmt"/>
      <line num="13" count="0" type="stmt"/>
      <line num="17" count="1" type="stmt"/>
      <line num="18" count="8" type="cond" truecount="1" falsecount="0"/>
      <line num="20" count="7" type="stmt"/>
      <line num="21" count="7" type="stmt"/>
      <line num="22" count="7" type="stmt"/>
      <line num="23" count="7" type="stmt"/>
      <line num="25" count="7" type="stmt"/>
      <line num="26" count="7" type="stmt"/>
      <line num="27" count="7" type="stmt"/>
      <line num="30" count="7" type="stmt"/>
      <line num="31" count="10" type="stmt"/>
      <line num="34" count="7" type="stmt"/>
      <line num="35" count="10" type="stmt"/>
      <line num="36" count="10" type="cond" truecount="2" falsecount="0"/>
      <line num="37" count="3" type="stmt"/>
      <line num="38" count="3" type="stmt"/>
      <line num="39" count="3" type="stmt"/>
      <line num="40" count="7" type="cond" truecount="2" falsecount="0"/>
      <line num="41" count="4" type="stmt"/>
      <line num="42" count="4" type="stmt"/>
      <line num="43" count="4" type="stmt"/>
      <line num="44" count="3" type="cond" truecount="1" falsecount="0"/>
      <line num="45" count="3" type="stmt"/>
      <line num="48" count="7" type="stmt"/>
      <line num="55" count="3" type="stmt"/>
      <line num="56" count="3" type="stmt"/>
      <line num="57" count="3" type="stmt"/>
      <line num="61" count="12" type="stmt"/>
      <line num="62" count="12" type="cond" truecount="2" falsecount="2"/>
      <line num="65" count="3" type="stmt"/>
      <line num="66" count="9" type="stmt"/>
      <line num="68" count="9" type="cond" truecount="4" falsecount="0"/>
      <line num="69" count="6" type="cond" truecount="2" falsecount="0"/>
      <line num="70" count="3" type="stmt"/>
      <line num="72" count="3" type="stmt"/>
      <line num="75" count="3" type="cond" truecount="2" falsecount="0"/>
      <line num="76" count="5" type="stmt"/>
      <line num="78" count="3" type="cond" truecount="1" falsecount="1"/>
      <line num="79" count="0" type="stmt"/>
      <line num="81" count="3" type="stmt"/>
      <line num="85" count="9" type="stmt"/>
      <line num="88" count="3" type="stmt"/>
      <line num="89" count="3" type="stmt"/>
      <line num="91" count="3" type="stmt"/>
      <line num="92" count="14" type="stmt"/>
      <line num="94" count="14" type="cond" truecount="1" falsecount="0"/>
      <line num="95" count="2" type="cond" truecount="1" falsecount="0"/>
      <line num="96" count="2" type="stmt"/>
      <line num="98" count="2" type="stmt"/>
      <line num="99" count="2" type="stmt"/>
      <line num="100" count="2" type="stmt"/>
      <line num="102" count="12" type="stmt"/>
      <line num="104" count="12" type="cond" truecount="0" falsecount="1"/>
      <line num="106" count="12" type="stmt"/>
      <line num="108" count="12" type="cond" truecount="2" falsecount="0"/>
      <line num="109" count="3" type="stmt"/>
      <line num="111" count="9" type="cond" truecount="1" falsecount="0"/>
      <line num="112" count="5" type="stmt"/>
      <line num="114" count="9" type="stmt"/>
      <line num="115" count="9" type="stmt"/>
      <line num="120" count="3" type="cond" truecount="1" falsecount="0"/>
      <line num="121" count="2" type="stmt"/>
      <line num="125" count="3" type="stmt"/>
      <line num="135" count="4" type="stmt"/>
      <line num="136" count="4" type="stmt"/>
      <line num="137" count="4" type="stmt"/>
      <line num="138" count="4" type="stmt"/>
      <line num="140" count="4" type="stmt"/>
      <line num="141" count="6" type="cond" truecount="5" falsecount="1"/>
      <line num="144" count="4" type="stmt"/>
      <line num="145" count="6" type="stmt"/>
      <line num="148" count="4" type="stmt"/>
      <line num="149" count="6" type="stmt"/>
      <line num="151" count="6" type="cond" truecount="3" falsecount="1"/>
      <line num="152" count="6" type="cond" truecount="2" falsecount="0"/>
      <line num="153" count="2" type="stmt"/>
      <line num="155" count="4" type="stmt"/>
      <line num="159" count="0" type="cond" truecount="0" falsecount="2"/>
      <line num="160" count="0" type="stmt"/>
      <line num="162" count="0" type="cond" truecount="0" falsecount="2"/>
      <line num="163" count="0" type="stmt"/>
      <line num="165" count="0" type="stmt"/>
      <line num="169" count="6" type="stmt"/>
      <line num="170" count="6" type="stmt"/>
      <line num="171" count="6" type="stmt"/>
      <line num="174" count="4" type="stmt"/>
      <line num="175" count="8" type="stmt"/>
      <line num="176" count="8" type="cond" truecount="1" falsecount="0"/>
      <line num="178" count="6" type="stmt"/>
      <line num="179" count="6" type="cond" truecount="0" falsecount="1"/>
      <line num="181" count="0" type="stmt"/>
      <line num="184" count="6" type="stmt"/>
      <line num="185" count="6" type="stmt"/>
      <line num="189" count="4" type="stmt"/>
    </file>
  </project>
</coverage>
