<?xml version="1.0" encoding="UTF-8"?>
<coverage generated="1728112901719" clover="3.2.0">
  <project timestamp="1728112901719" name="All files">
    <metrics statements="122" coveredstatements="115" conditionals="57" coveredconditionals="47" methods="15" coveredmethods="15" elements="194" coveredelements="177" complexity="0" loc="122" ncloc="122" packages="1" files="1" classes="1"/>
    <file name="Tree.ts" path="/Users/tsungyu/Desktop/Develop-plugin/.obsidian/plugins/Obsidian-Canvas-helps/src/Tree.ts">
      <metrics statements="122" coveredstatements="115" conditionals="57" coveredconditionals="47" methods="15" coveredmethods="15"/>
      <line num="7" count="43" type="stmt"/>
      <line num="10" count="1" type="stmt"/>
      <line num="11" count="9" type="cond" truecount="1" falsecount="0"/>
      <line num="13" count="8" type="stmt"/>
      <line num="14" count="8" type="stmt"/>
      <line num="15" count="8" type="stmt"/>
      <line num="16" count="8" type="stmt"/>
      <line num="18" count="8" type="stmt"/>
      <line num="19" count="9" type="stmt"/>
      <line num="20" count="9" type="stmt"/>
      <line num="23" count="8" type="stmt"/>
      <line num="24" count="13" type="stmt"/>
      <line num="27" count="8" type="stmt"/>
      <line num="28" count="13" type="stmt"/>
      <line num="29" count="13" type="cond" truecount="2" falsecount="0"/>
      <line num="30" count="4" type="stmt"/>
      <line num="31" count="4" type="stmt"/>
      <line num="32" count="4" type="stmt"/>
      <line num="33" count="9" type="cond" truecount="2" falsecount="0"/>
      <line num="34" count="2" type="stmt"/>
      <line num="35" count="2" type="stmt"/>
      <line num="36" count="2" type="stmt"/>
      <line num="37" count="7" type="cond" truecount="2" falsecount="0"/>
      <line num="38" count="3" type="stmt"/>
      <line num="40" count="4" type="stmt"/>
      <line num="41" count="4" type="stmt"/>
      <line num="42" count="4" type="stmt"/>
      <line num="45" count="8" type="stmt"/>
      <line num="52" count="4" type="stmt"/>
      <line num="53" count="4" type="stmt"/>
      <line num="54" count="4" type="stmt"/>
      <line num="58" count="15" type="stmt"/>
      <line num="59" count="15" type="cond" truecount="3" falsecount="1"/>
      <line num="62" count="4" type="stmt"/>
      <line num="63" count="10" type="stmt"/>
      <line num="65" count="10" type="cond" truecount="4" falsecount="0"/>
      <line num="66" count="7" type="cond" truecount="2" falsecount="0"/>
      <line num="67" count="3" type="stmt"/>
      <line num="69" count="4" type="stmt"/>
      <line num="72" count="3" type="cond" truecount="2" falsecount="0"/>
      <line num="73" count="5" type="stmt"/>
      <line num="75" count="3" type="cond" truecount="1" falsecount="1"/>
      <line num="76" count="0" type="stmt"/>
      <line num="78" count="3" type="stmt"/>
      <line num="82" count="10" type="stmt"/>
      <line num="85" count="4" type="stmt"/>
      <line num="86" count="4" type="stmt"/>
      <line num="88" count="4" type="stmt"/>
      <line num="89" count="18" type="stmt"/>
      <line num="91" count="18" type="cond" truecount="1" falsecount="0"/>
      <line num="92" count="3" type="cond" truecount="1" falsecount="0"/>
      <line num="93" count="3" type="stmt"/>
      <line num="95" count="3" type="stmt"/>
      <line num="96" count="3" type="stmt"/>
      <line num="97" count="3" type="stmt"/>
      <line num="99" count="15" type="stmt"/>
      <line num="101" count="15" type="cond" truecount="1" falsecount="0"/>
      <line num="103" count="14" type="stmt"/>
      <line num="105" count="14" type="cond" truecount="2" falsecount="0"/>
      <line num="106" count="4" type="stmt"/>
      <line num="108" count="10" type="cond" truecount="1" falsecount="0"/>
      <line num="109" count="5" type="stmt"/>
      <line num="111" count="10" type="stmt"/>
      <line num="112" count="10" type="stmt"/>
      <line num="117" count="4" type="cond" truecount="1" falsecount="0"/>
      <line num="118" count="2" type="stmt"/>
      <line num="122" count="4" type="stmt"/>
      <line num="132" count="2" type="stmt"/>
      <line num="133" count="2" type="stmt"/>
      <line num="134" count="2" type="stmt"/>
      <line num="135" count="2" type="stmt"/>
      <line num="137" count="2" type="stmt"/>
      <line num="138" count="3" type="cond" truecount="5" falsecount="1"/>
      <line num="141" count="2" type="stmt"/>
      <line num="142" count="3" type="stmt"/>
      <line num="145" count="2" type="stmt"/>
      <line num="146" count="3" type="stmt"/>
      <line num="148" count="3" type="cond" truecount="3" falsecount="1"/>
      <line num="149" count="3" type="cond" truecount="2" falsecount="0"/>
      <line num="150" count="1" type="stmt"/>
      <line num="152" count="2" type="stmt"/>
      <line num="156" count="0" type="cond" truecount="0" falsecount="2"/>
      <line num="157" count="0" type="stmt"/>
      <line num="159" count="0" type="cond" truecount="0" falsecount="2"/>
      <line num="160" count="0" type="stmt"/>
      <line num="162" count="0" type="stmt"/>
      <line num="166" count="3" type="stmt"/>
      <line num="167" count="3" type="stmt"/>
      <line num="168" count="3" type="stmt"/>
      <line num="171" count="2" type="stmt"/>
      <line num="172" count="4" type="stmt"/>
      <line num="173" count="4" type="cond" truecount="1" falsecount="0"/>
      <line num="175" count="3" type="stmt"/>
      <line num="176" count="3" type="cond" truecount="0" falsecount="1"/>
      <line num="178" count="0" type="stmt"/>
      <line num="181" count="3" type="stmt"/>
      <line num="182" count="3" type="stmt"/>
      <line num="186" count="2" type="stmt"/>
      <line num="196" count="4" type="stmt"/>
      <line num="197" count="4" type="stmt"/>
      <line num="198" count="4" type="stmt"/>
      <line num="199" count="4" type="stmt"/>
      <line num="201" count="4" type="stmt"/>
      <line num="202" count="30" type="cond" truecount="5" falsecount="1"/>
      <line num="205" count="4" type="stmt"/>
      <line num="207" count="31" type="stmt"/>
      <line num="210" count="4" type="stmt"/>
      <line num="211" count="30" type="stmt"/>
      <line num="212" count="30" type="cond" truecount="2" falsecount="0"/>
      <line num="214" count="29" type="stmt"/>
      <line num="215" count="29" type="stmt"/>
      <line num="216" count="1" type="cond" truecount="1" falsecount="0"/>
      <line num="218" count="1" type="stmt"/>
      <line num="220" count="30" type="stmt"/>
      <line num="223" count="4" type="stmt"/>
      <line num="224" count="34" type="stmt"/>
      <line num="226" count="34" type="cond" truecount="1" falsecount="0"/>
      <line num="229" count="31" type="cond" truecount="1" falsecount="0"/>
      <line num="230" count="1" type="stmt"/>
      <line num="233" count="30" type="stmt"/>
      <line num="235" count="30" type="stmt"/>
      <line num="239" count="4" type="stmt"/>
    </file>
  </project>
</coverage>
