{"/Users/tsungyu/Desktop/Develop-plugin/.obsidian/plugins/Obsidian-Canvas-helps/src/Tree.ts": {"path":"/Users/tsungyu/Desktop/Develop-plugin/.obsidian/plugins/Obsidian-Canvas-helps/src/Tree.ts","statementMap":{"0":{"start":{"line":7,"column":1},"end":{"line":7,"column":27}},"1":{"start":{"line":11,"column":1},"end":{"line":11,"column":33}},"2":{"start":{"line":11,"column":23},"end":{"line":11,"column":33}},"3":{"start":{"line":13,"column":13},"end":{"line":13,"column":33}},"4":{"start":{"line":14,"column":24},"end":{"line":14,"column":26}},"5":{"start":{"line":15,"column":43},"end":{"line":15,"column":52}},"6":{"start":{"line":16,"column":50},"end":{"line":16,"column":52}},"7":{"start":{"line":18,"column":20},"end":{"line":21,"column":2}},"8":{"start":{"line":19,"column":13},"end":{"line":19,"column":24}},"9":{"start":{"line":20,"column":2},"end":{"line":20,"column":42}},"10":{"start":{"line":23,"column":21},"end":{"line":25,"column":2}},"11":{"start":{"line":24,"column":2},"end":{"line":24,"column":31}},"12":{"start":{"line":27,"column":1},"end":{"line":44,"column":null}},"13":{"start":{"line":28,"column":15},"end":{"line":28,"column":23}},"14":{"start":{"line":29,"column":2},"end":{"line":43,"column":null}},"15":{"start":{"line":30,"column":26},"end":{"line":30,"column":59}},"16":{"start":{"line":31,"column":3},"end":{"line":31,"column":33}},"17":{"start":{"line":32,"column":3},"end":{"line":32,"column":16}},"18":{"start":{"line":33,"column":9},"end":{"line":43,"column":null}},"19":{"start":{"line":34,"column":26},"end":{"line":34,"column":58}},"20":{"start":{"line":35,"column":3},"end":{"line":35,"column":33}},"21":{"start":{"line":36,"column":3},"end":{"line":36,"column":16}},"22":{"start":{"line":37,"column":9},"end":{"line":43,"column":null}},"23":{"start":{"line":38,"column":3},"end":{"line":38,"column":26}},"24":{"start":{"line":40,"column":26},"end":{"line":40,"column":63}},"25":{"start":{"line":41,"column":3},"end":{"line":41,"column":33}},"26":{"start":{"line":42,"column":3},"end":{"line":42,"column":16}},"27":{"start":{"line":45,"column":1},"end":{"line":45,"column":13}},"28":{"start":{"line":10,"column":0},"end":{"line":10,"column":16}},"29":{"start":{"line":52,"column":28},"end":{"line":52,"column":30}},"30":{"start":{"line":53,"column":50},"end":{"line":53,"column":52}},"31":{"start":{"line":54,"column":9},"end":{"line":54,"column":10}},"32":{"start":{"line":58,"column":16},"end":{"line":58,"column":40}},"33":{"start":{"line":59,"column":2},"end":{"line":59,"column":57}},"34":{"start":{"line":62,"column":24},"end":{"line":83,"column":2}},"35":{"start":{"line":63,"column":18},"end":{"line":63,"column":39}},"36":{"start":{"line":65,"column":2},"end":{"line":80,"column":null}},"37":{"start":{"line":66,"column":3},"end":{"line":70,"column":null}},"38":{"start":{"line":67,"column":4},"end":{"line":67,"column":49}},"39":{"start":{"line":69,"column":4},"end":{"line":69,"column":25}},"40":{"start":{"line":72,"column":3},"end":{"line":74,"column":null}},"41":{"start":{"line":73,"column":4},"end":{"line":73,"column":16}},"42":{"start":{"line":75,"column":3},"end":{"line":79,"column":null}},"43":{"start":{"line":76,"column":4},"end":{"line":76,"column":49}},"44":{"start":{"line":78,"column":4},"end":{"line":78,"column":25}},"45":{"start":{"line":82,"column":2},"end":{"line":82,"column":39}},"46":{"start":{"line":85,"column":25},"end":{"line":85,"column":27}},"47":{"start":{"line":86,"column":25},"end":{"line":86,"column":26}},"48":{"start":{"line":88,"column":1},"end":{"line":114,"column":null}},"49":{"start":{"line":89,"column":15},"end":{"line":89,"column":30}},"50":{"start":{"line":91,"column":2},"end":{"line":98,"column":null}},"51":{"start":{"line":92,"column":3},"end":{"line":94,"column":null}},"52":{"start":{"line":93,"column":4},"end":{"line":93,"column":57}},"53":{"start":{"line":95,"column":3},"end":{"line":95,"column":26}},"54":{"start":{"line":96,"column":3},"end":{"line":96,"column":25}},"55":{"start":{"line":97,"column":3},"end":{"line":97,"column":12}},"56":{"start":{"line":99,"column":21},"end":{"line":99,"column":40}},"57":{"start":{"line":101,"column":2},"end":{"line":101,"column":30}},"58":{"start":{"line":101,"column":24},"end":{"line":101,"column":30}},"59":{"start":{"line":103,"column":15},"end":{"line":103,"column":50}},"60":{"start":{"line":105,"column":2},"end":{"line":113,"column":null}},"61":{"start":{"line":106,"column":3},"end":{"line":106,"column":38}},"62":{"start":{"line":108,"column":3},"end":{"line":110,"column":null}},"63":{"start":{"line":109,"column":4},"end":{"line":109,"column":57}},"64":{"start":{"line":111,"column":3},"end":{"line":111,"column":35}},"65":{"start":{"line":112,"column":3},"end":{"line":112,"column":34}},"66":{"start":{"line":117,"column":1},"end":{"line":119,"column":null}},"67":{"start":{"line":118,"column":2},"end":{"line":118,"column":55}},"68":{"start":{"line":122,"column":1},"end":{"line":125,"column":3}},"69":{"start":{"line":132,"column":28},"end":{"line":132,"column":30}},"70":{"start":{"line":133,"column":43},"end":{"line":133,"column":52}},"71":{"start":{"line":134,"column":50},"end":{"line":134,"column":52}},"72":{"start":{"line":135,"column":9},"end":{"line":135,"column":10}},"73":{"start":{"line":137,"column":29},"end":{"line":139,"column":2}},"74":{"start":{"line":138,"column":2},"end":{"line":138,"column":45}},"75":{"start":{"line":141,"column":20},"end":{"line":143,"column":2}},"76":{"start":{"line":142,"column":2},"end":{"line":142,"column":42}},"77":{"start":{"line":145,"column":24},"end":{"line":169,"column":2}},"78":{"start":{"line":146,"column":18},"end":{"line":146,"column":38}},"79":{"start":{"line":148,"column":2},"end":{"line":164,"column":null}},"80":{"start":{"line":149,"column":3},"end":{"line":153,"column":null}},"81":{"start":{"line":150,"column":4},"end":{"line":150,"column":34}},"82":{"start":{"line":152,"column":4},"end":{"line":152,"column":25}},"83":{"start":{"line":156,"column":3},"end":{"line":158,"column":null}},"84":{"start":{"line":157,"column":4},"end":{"line":157,"column":16}},"85":{"start":{"line":159,"column":3},"end":{"line":163,"column":null}},"86":{"start":{"line":160,"column":4},"end":{"line":160,"column":49}},"87":{"start":{"line":162,"column":4},"end":{"line":162,"column":25}},"88":{"start":{"line":166,"column":2},"end":{"line":166,"column":39}},"89":{"start":{"line":167,"column":2},"end":{"line":167,"column":26}},"90":{"start":{"line":168,"column":2},"end":{"line":168,"column":17}},"91":{"start":{"line":171,"column":1},"end":{"line":183,"column":null}},"92":{"start":{"line":172,"column":15},"end":{"line":172,"column":30}},"93":{"start":{"line":173,"column":2},"end":{"line":173,"column":34}},"94":{"start":{"line":173,"column":25},"end":{"line":173,"column":34}},"95":{"start":{"line":175,"column":27},"end":{"line":175,"column":56}},"96":{"start":{"line":176,"column":2},"end":{"line":179,"column":null}},"97":{"start":{"line":178,"column":3},"end":{"line":178,"column":9}},"98":{"start":{"line":181,"column":15},"end":{"line":181,"column":58}},"99":{"start":{"line":182,"column":2},"end":{"line":182,"column":41}},"100":{"start":{"line":186,"column":1},"end":{"line":189,"column":3}},"101":{"start":{"line":196,"column":28},"end":{"line":196,"column":30}},"102":{"start":{"line":197,"column":43},"end":{"line":197,"column":52}},"103":{"start":{"line":198,"column":20},"end":{"line":198,"column":23}},"104":{"start":{"line":199,"column":9},"end":{"line":199,"column":10}},"105":{"start":{"line":201,"column":29},"end":{"line":203,"column":2}},"106":{"start":{"line":202,"column":2},"end":{"line":202,"column":45}},"107":{"start":{"line":205,"column":24},"end":{"line":208,"column":2}},"108":{"start":{"line":207,"column":2},"end":{"line":207,"column":46}},"109":{"start":{"line":210,"column":25},"end":{"line":221,"column":2}},"110":{"start":{"line":211,"column":18},"end":{"line":211,"column":45}},"111":{"start":{"line":212,"column":2},"end":{"line":219,"column":null}},"112":{"start":{"line":214,"column":3},"end":{"line":214,"column":24}},"113":{"start":{"line":215,"column":3},"end":{"line":215,"column":27}},"114":{"start":{"line":216,"column":9},"end":{"line":219,"column":null}},"115":{"start":{"line":218,"column":3},"end":{"line":218,"column":33}},"116":{"start":{"line":220,"column":2},"end":{"line":220,"column":23}},"117":{"start":{"line":223,"column":1},"end":{"line":236,"column":null}},"118":{"start":{"line":224,"column":15},"end":{"line":224,"column":30}},"119":{"start":{"line":226,"column":2},"end":{"line":226,"column":34}},"120":{"start":{"line":226,"column":25},"end":{"line":226,"column":34}},"121":{"start":{"line":229,"column":2},"end":{"line":231,"column":null}},"122":{"start":{"line":230,"column":3},"end":{"line":230,"column":9}},"123":{"start":{"line":233,"column":27},"end":{"line":233,"column":56}},"124":{"start":{"line":235,"column":2},"end":{"line":235,"column":42}},"125":{"start":{"line":239,"column":1},"end":{"line":242,"column":3}}},"fnMap":{"0":{"name":"createTreeNode","decl":{"start":{"line":6,"column":9},"end":{"line":6,"column":23}},"loc":{"start":{"line":6,"column":36},"end":{"line":8,"column":1}}},"1":{"name":"parseMarkdownToTree","decl":{"start":{"line":10,"column":16},"end":{"line":10,"column":35}},"loc":{"start":{"line":10,"column":52},"end":{"line":46,"column":1}}},"2":{"name":"(anonymous_2)","decl":{"start":{"line":18,"column":20},"end":{"line":18,"column":21}},"loc":{"start":{"line":18,"column":46},"end":{"line":21,"column":2}}},"3":{"name":"(anonymous_3)","decl":{"start":{"line":23,"column":21},"end":{"line":23,"column":22}},"loc":{"start":{"line":23,"column":47},"end":{"line":25,"column":2}}},"4":{"name":"parseQuotesFromStringArray","decl":{"start":{"line":48,"column":9},"end":{"line":48,"column":35}},"loc":{"start":{"line":48,"column":51},"end":{"line":126,"column":1}}},"5":{"name":"getQuoteLevel","decl":{"start":{"line":56,"column":10},"end":{"line":56,"column":23}},"loc":{"start":{"line":56,"column":36},"end":{"line":60,"column":2}}},"6":{"name":"(anonymous_6)","decl":{"start":{"line":62,"column":24},"end":{"line":62,"column":25}},"loc":{"start":{"line":62,"column":57},"end":{"line":83,"column":2}}},"7":{"name":"parseListsFromStringArray","decl":{"start":{"line":128,"column":9},"end":{"line":128,"column":34}},"loc":{"start":{"line":128,"column":50},"end":{"line":190,"column":1}}},"8":{"name":"(anonymous_8)","decl":{"start":{"line":137,"column":29},"end":{"line":137,"column":30}},"loc":{"start":{"line":137,"column":54},"end":{"line":139,"column":2}}},"9":{"name":"(anonymous_9)","decl":{"start":{"line":141,"column":20},"end":{"line":141,"column":21}},"loc":{"start":{"line":141,"column":46},"end":{"line":143,"column":2}}},"10":{"name":"(anonymous_10)","decl":{"start":{"line":145,"column":24},"end":{"line":145,"column":25}},"loc":{"start":{"line":145,"column":66},"end":{"line":169,"column":2}}},"11":{"name":"parseParagraphsFromStringArray","decl":{"start":{"line":192,"column":9},"end":{"line":192,"column":39}},"loc":{"start":{"line":192,"column":55},"end":{"line":243,"column":1}}},"12":{"name":"(anonymous_12)","decl":{"start":{"line":201,"column":29},"end":{"line":201,"column":30}},"loc":{"start":{"line":201,"column":54},"end":{"line":203,"column":2}}},"13":{"name":"(anonymous_13)","decl":{"start":{"line":205,"column":24},"end":{"line":205,"column":25}},"loc":{"start":{"line":205,"column":50},"end":{"line":208,"column":2}}},"14":{"name":"(anonymous_14)","decl":{"start":{"line":210,"column":25},"end":{"line":210,"column":26}},"loc":{"start":{"line":210,"column":57},"end":{"line":221,"column":2}}}},"branchMap":{"0":{"loc":{"start":{"line":11,"column":1},"end":{"line":11,"column":33}},"type":"if","locations":[{"start":{"line":11,"column":1},"end":{"line":11,"column":33}}]},"1":{"loc":{"start":{"line":29,"column":2},"end":{"line":43,"column":null}},"type":"if","locations":[{"start":{"line":29,"column":2},"end":{"line":43,"column":null}},{"start":{"line":33,"column":9},"end":{"line":43,"column":null}}]},"2":{"loc":{"start":{"line":33,"column":9},"end":{"line":43,"column":null}},"type":"if","locations":[{"start":{"line":33,"column":9},"end":{"line":43,"column":null}},{"start":{"line":37,"column":9},"end":{"line":43,"column":null}}]},"3":{"loc":{"start":{"line":37,"column":9},"end":{"line":43,"column":null}},"type":"if","locations":[{"start":{"line":37,"column":9},"end":{"line":43,"column":null}},{"start":{"line":39,"column":9},"end":{"line":43,"column":null}}]},"4":{"loc":{"start":{"line":59,"column":9},"end":{"line":59,"column":56}},"type":"cond-expr","locations":[{"start":{"line":59,"column":17},"end":{"line":59,"column":52}},{"start":{"line":59,"column":55},"end":{"line":59,"column":56}}]},"5":{"loc":{"start":{"line":59,"column":18},"end":{"line":59,"column":44}},"type":"binary-expr","locations":[{"start":{"line":59,"column":18},"end":{"line":59,"column":38}},{"start":{"line":59,"column":42},"end":{"line":59,"column":44}}]},"6":{"loc":{"start":{"line":65,"column":2},"end":{"line":80,"column":null}},"type":"if","locations":[{"start":{"line":65,"column":2},"end":{"line":80,"column":null}},{"start":{"line":71,"column":9},"end":{"line":80,"column":null}}]},"7":{"loc":{"start":{"line":65,"column":6},"end":{"line":65,"column":65}},"type":"binary-expr","locations":[{"start":{"line":65,"column":6},"end":{"line":65,"column":24}},{"start":{"line":65,"column":28},"end":{"line":65,"column":65}}]},"8":{"loc":{"start":{"line":66,"column":3},"end":{"line":70,"column":null}},"type":"if","locations":[{"start":{"line":66,"column":3},"end":{"line":70,"column":null}},{"start":{"line":68,"column":10},"end":{"line":70,"column":null}}]},"9":{"loc":{"start":{"line":72,"column":10},"end":{"line":72,"column":68}},"type":"binary-expr","locations":[{"start":{"line":72,"column":10},"end":{"line":72,"column":26}},{"start":{"line":72,"column":30},"end":{"line":72,"column":68}}]},"10":{"loc":{"start":{"line":75,"column":3},"end":{"line":79,"column":null}},"type":"if","locations":[{"start":{"line":75,"column":3},"end":{"line":79,"column":null}},{"start":{"line":77,"column":10},"end":{"line":79,"column":null}}]},"11":{"loc":{"start":{"line":91,"column":2},"end":{"line":98,"column":null}},"type":"if","locations":[{"start":{"line":91,"column":2},"end":{"line":98,"column":null}}]},"12":{"loc":{"start":{"line":92,"column":3},"end":{"line":94,"column":null}},"type":"if","locations":[{"start":{"line":92,"column":3},"end":{"line":94,"column":null}}]},"13":{"loc":{"start":{"line":101,"column":2},"end":{"line":101,"column":30}},"type":"if","locations":[{"start":{"line":101,"column":2},"end":{"line":101,"column":30}}]},"14":{"loc":{"start":{"line":105,"column":2},"end":{"line":113,"column":null}},"type":"if","locations":[{"start":{"line":105,"column":2},"end":{"line":113,"column":null}},{"start":{"line":107,"column":9},"end":{"line":113,"column":null}}]},"15":{"loc":{"start":{"line":108,"column":3},"end":{"line":110,"column":null}},"type":"if","locations":[{"start":{"line":108,"column":3},"end":{"line":110,"column":null}}]},"16":{"loc":{"start":{"line":117,"column":1},"end":{"line":119,"column":null}},"type":"if","locations":[{"start":{"line":117,"column":1},"end":{"line":119,"column":null}}]},"17":{"loc":{"start":{"line":138,"column":9},"end":{"line":138,"column":44}},"type":"binary-expr","locations":[{"start":{"line":138,"column":9},"end":{"line":138,"column":39}},{"start":{"line":138,"column":43},"end":{"line":138,"column":44}}]},"18":{"loc":{"start":{"line":138,"column":9},"end":{"line":138,"column":39}},"type":"cond-expr","locations":[{"start":{"line":138,"column":27},"end":{"line":138,"column":30}},{"start":{"line":138,"column":27},"end":{"line":138,"column":39}}]},"19":{"loc":{"start":{"line":138,"column":9},"end":{"line":138,"column":30}},"type":"binary-expr","locations":[{"start":{"line":138,"column":9},"end":{"line":138,"column":30}},{"start":{"line":138,"column":27},"end":{"line":138,"column":30}}]},"20":{"loc":{"start":{"line":148,"column":2},"end":{"line":164,"column":null}},"type":"if","locations":[{"start":{"line":148,"column":2},"end":{"line":164,"column":null}},{"start":{"line":154,"column":9},"end":{"line":164,"column":null}}]},"21":{"loc":{"start":{"line":148,"column":6},"end":{"line":148,"column":65}},"type":"binary-expr","locations":[{"start":{"line":148,"column":6},"end":{"line":148,"column":24}},{"start":{"line":148,"column":28},"end":{"line":148,"column":65}}]},"22":{"loc":{"start":{"line":149,"column":3},"end":{"line":153,"column":null}},"type":"if","locations":[{"start":{"line":149,"column":3},"end":{"line":153,"column":null}},{"start":{"line":151,"column":10},"end":{"line":153,"column":null}}]},"23":{"loc":{"start":{"line":156,"column":10},"end":{"line":156,"column":68}},"type":"binary-expr","locations":[{"start":{"line":156,"column":10},"end":{"line":156,"column":26}},{"start":{"line":156,"column":30},"end":{"line":156,"column":68}}]},"24":{"loc":{"start":{"line":159,"column":3},"end":{"line":163,"column":null}},"type":"if","locations":[{"start":{"line":159,"column":3},"end":{"line":163,"column":null}},{"start":{"line":161,"column":10},"end":{"line":163,"column":null}}]},"25":{"loc":{"start":{"line":173,"column":2},"end":{"line":173,"column":34}},"type":"if","locations":[{"start":{"line":173,"column":2},"end":{"line":173,"column":34}}]},"26":{"loc":{"start":{"line":176,"column":2},"end":{"line":179,"column":null}},"type":"if","locations":[{"start":{"line":176,"column":2},"end":{"line":179,"column":null}}]},"27":{"loc":{"start":{"line":202,"column":9},"end":{"line":202,"column":44}},"type":"binary-expr","locations":[{"start":{"line":202,"column":9},"end":{"line":202,"column":39}},{"start":{"line":202,"column":43},"end":{"line":202,"column":44}}]},"28":{"loc":{"start":{"line":202,"column":9},"end":{"line":202,"column":39}},"type":"cond-expr","locations":[{"start":{"line":202,"column":27},"end":{"line":202,"column":30}},{"start":{"line":202,"column":27},"end":{"line":202,"column":39}}]},"29":{"loc":{"start":{"line":202,"column":9},"end":{"line":202,"column":30}},"type":"binary-expr","locations":[{"start":{"line":202,"column":9},"end":{"line":202,"column":30}},{"start":{"line":202,"column":27},"end":{"line":202,"column":30}}]},"30":{"loc":{"start":{"line":212,"column":2},"end":{"line":219,"column":null}},"type":"if","locations":[{"start":{"line":212,"column":2},"end":{"line":219,"column":null}},{"start":{"line":216,"column":9},"end":{"line":219,"column":null}}]},"31":{"loc":{"start":{"line":216,"column":9},"end":{"line":219,"column":null}},"type":"if","locations":[{"start":{"line":216,"column":9},"end":{"line":219,"column":null}}]},"32":{"loc":{"start":{"line":226,"column":2},"end":{"line":226,"column":34}},"type":"if","locations":[{"start":{"line":226,"column":2},"end":{"line":226,"column":34}}]},"33":{"loc":{"start":{"line":229,"column":2},"end":{"line":231,"column":null}},"type":"if","locations":[{"start":{"line":229,"column":2},"end":{"line":231,"column":null}}]}},"s":{"0":43,"1":9,"2":1,"3":8,"4":8,"5":8,"6":8,"7":8,"8":9,"9":9,"10":8,"11":13,"12":8,"13":13,"14":13,"15":4,"16":4,"17":4,"18":9,"19":2,"20":2,"21":2,"22":7,"23":3,"24":4,"25":4,"26":4,"27":8,"28":1,"29":4,"30":4,"31":4,"32":15,"33":15,"34":4,"35":10,"36":10,"37":7,"38":3,"39":4,"40":3,"41":5,"42":3,"43":0,"44":3,"45":10,"46":4,"47":4,"48":4,"49":18,"50":18,"51":3,"52":3,"53":3,"54":3,"55":3,"56":15,"57":15,"58":1,"59":14,"60":14,"61":4,"62":10,"63":5,"64":10,"65":10,"66":4,"67":2,"68":4,"69":2,"70":2,"71":2,"72":2,"73":2,"74":3,"75":2,"76":3,"77":2,"78":3,"79":3,"80":3,"81":1,"82":2,"83":0,"84":0,"85":0,"86":0,"87":0,"88":3,"89":3,"90":3,"91":2,"92":4,"93":4,"94":1,"95":3,"96":3,"97":0,"98":3,"99":3,"100":2,"101":4,"102":4,"103":4,"104":4,"105":4,"106":30,"107":4,"108":31,"109":4,"110":30,"111":30,"112":29,"113":29,"114":1,"115":1,"116":30,"117":4,"118":34,"119":34,"120":3,"121":31,"122":1,"123":30,"124":30,"125":4},"f":{"0":43,"1":9,"2":9,"3":13,"4":4,"5":15,"6":10,"7":2,"8":3,"9":3,"10":3,"11":4,"12":30,"13":31,"14":30},"b":{"0":[1],"1":[4,9],"2":[2,7],"3":[3,4],"4":[14,1],"5":[14,0],"6":[7,3],"7":[10,6],"8":[3,4],"9":[8,5],"10":[0,3],"11":[3],"12":[3],"13":[1],"14":[4,10],"15":[5],"16":[2],"17":[3,1],"18":[0,3],"19":[3,3],"20":[3,0],"21":[3,1],"22":[1,2],"23":[0,0],"24":[0,0],"25":[1],"26":[0],"27":[30,3],"28":[0,30],"29":[30,30],"30":[29,1],"31":[1],"32":[3],"33":[1]}}
}
