{"/Users/tsungyu/Desktop/Develop-plugin/.obsidian/plugins/Obsidian-Canvas-helps/src/Tree.ts": {"path":"/Users/tsungyu/Desktop/Develop-plugin/.obsidian/plugins/Obsidian-Canvas-helps/src/Tree.ts","statementMap":{"0":{"start":{"line":7,"column":1},"end":{"line":7,"column":27}},"1":{"start":{"line":11,"column":1},"end":{"line":14,"column":19}},"2":{"start":{"line":13,"column":21},"end":{"line":13,"column":36}},"3":{"start":{"line":18,"column":1},"end":{"line":18,"column":33}},"4":{"start":{"line":18,"column":23},"end":{"line":18,"column":33}},"5":{"start":{"line":20,"column":13},"end":{"line":20,"column":33}},"6":{"start":{"line":21,"column":24},"end":{"line":21,"column":26}},"7":{"start":{"line":22,"column":43},"end":{"line":22,"column":52}},"8":{"start":{"line":23,"column":50},"end":{"line":23,"column":52}},"9":{"start":{"line":25,"column":20},"end":{"line":28,"column":2}},"10":{"start":{"line":26,"column":13},"end":{"line":26,"column":24}},"11":{"start":{"line":27,"column":2},"end":{"line":27,"column":42}},"12":{"start":{"line":30,"column":21},"end":{"line":32,"column":2}},"13":{"start":{"line":31,"column":2},"end":{"line":31,"column":31}},"14":{"start":{"line":34,"column":1},"end":{"line":47,"column":null}},"15":{"start":{"line":35,"column":15},"end":{"line":35,"column":23}},"16":{"start":{"line":36,"column":2},"end":{"line":46,"column":null}},"17":{"start":{"line":37,"column":26},"end":{"line":37,"column":59}},"18":{"start":{"line":38,"column":3},"end":{"line":38,"column":33}},"19":{"start":{"line":39,"column":3},"end":{"line":39,"column":16}},"20":{"start":{"line":40,"column":9},"end":{"line":46,"column":null}},"21":{"start":{"line":41,"column":26},"end":{"line":41,"column":58}},"22":{"start":{"line":42,"column":3},"end":{"line":42,"column":33}},"23":{"start":{"line":43,"column":3},"end":{"line":43,"column":16}},"24":{"start":{"line":44,"column":9},"end":{"line":46,"column":null}},"25":{"start":{"line":45,"column":3},"end":{"line":45,"column":26}},"26":{"start":{"line":48,"column":1},"end":{"line":48,"column":13}},"27":{"start":{"line":17,"column":0},"end":{"line":17,"column":16}},"28":{"start":{"line":55,"column":28},"end":{"line":55,"column":30}},"29":{"start":{"line":56,"column":50},"end":{"line":56,"column":52}},"30":{"start":{"line":57,"column":9},"end":{"line":57,"column":10}},"31":{"start":{"line":61,"column":16},"end":{"line":61,"column":40}},"32":{"start":{"line":62,"column":2},"end":{"line":62,"column":57}},"33":{"start":{"line":65,"column":24},"end":{"line":86,"column":2}},"34":{"start":{"line":66,"column":18},"end":{"line":66,"column":39}},"35":{"start":{"line":68,"column":2},"end":{"line":83,"column":null}},"36":{"start":{"line":69,"column":3},"end":{"line":73,"column":null}},"37":{"start":{"line":70,"column":4},"end":{"line":70,"column":49}},"38":{"start":{"line":72,"column":4},"end":{"line":72,"column":25}},"39":{"start":{"line":75,"column":3},"end":{"line":77,"column":null}},"40":{"start":{"line":76,"column":4},"end":{"line":76,"column":16}},"41":{"start":{"line":78,"column":3},"end":{"line":82,"column":null}},"42":{"start":{"line":79,"column":4},"end":{"line":79,"column":49}},"43":{"start":{"line":81,"column":4},"end":{"line":81,"column":25}},"44":{"start":{"line":85,"column":2},"end":{"line":85,"column":39}},"45":{"start":{"line":88,"column":25},"end":{"line":88,"column":27}},"46":{"start":{"line":89,"column":25},"end":{"line":89,"column":26}},"47":{"start":{"line":91,"column":1},"end":{"line":117,"column":null}},"48":{"start":{"line":92,"column":15},"end":{"line":92,"column":30}},"49":{"start":{"line":94,"column":2},"end":{"line":101,"column":null}},"50":{"start":{"line":95,"column":3},"end":{"line":97,"column":null}},"51":{"start":{"line":96,"column":4},"end":{"line":96,"column":57}},"52":{"start":{"line":98,"column":3},"end":{"line":98,"column":26}},"53":{"start":{"line":99,"column":3},"end":{"line":99,"column":25}},"54":{"start":{"line":100,"column":3},"end":{"line":100,"column":12}},"55":{"start":{"line":102,"column":21},"end":{"line":102,"column":40}},"56":{"start":{"line":104,"column":2},"end":{"line":104,"column":30}},"57":{"start":{"line":104,"column":24},"end":{"line":104,"column":30}},"58":{"start":{"line":106,"column":15},"end":{"line":106,"column":50}},"59":{"start":{"line":108,"column":2},"end":{"line":116,"column":null}},"60":{"start":{"line":109,"column":3},"end":{"line":109,"column":38}},"61":{"start":{"line":111,"column":3},"end":{"line":113,"column":null}},"62":{"start":{"line":112,"column":4},"end":{"line":112,"column":57}},"63":{"start":{"line":114,"column":3},"end":{"line":114,"column":35}},"64":{"start":{"line":115,"column":3},"end":{"line":115,"column":34}},"65":{"start":{"line":120,"column":1},"end":{"line":122,"column":null}},"66":{"start":{"line":121,"column":2},"end":{"line":121,"column":55}},"67":{"start":{"line":125,"column":1},"end":{"line":128,"column":3}},"68":{"start":{"line":135,"column":28},"end":{"line":135,"column":30}},"69":{"start":{"line":136,"column":43},"end":{"line":136,"column":52}},"70":{"start":{"line":137,"column":50},"end":{"line":137,"column":52}},"71":{"start":{"line":138,"column":9},"end":{"line":138,"column":10}},"72":{"start":{"line":140,"column":29},"end":{"line":142,"column":2}},"73":{"start":{"line":141,"column":2},"end":{"line":141,"column":45}},"74":{"start":{"line":144,"column":20},"end":{"line":146,"column":2}},"75":{"start":{"line":145,"column":2},"end":{"line":145,"column":42}},"76":{"start":{"line":148,"column":24},"end":{"line":172,"column":2}},"77":{"start":{"line":149,"column":18},"end":{"line":149,"column":38}},"78":{"start":{"line":151,"column":2},"end":{"line":167,"column":null}},"79":{"start":{"line":152,"column":3},"end":{"line":156,"column":null}},"80":{"start":{"line":153,"column":4},"end":{"line":153,"column":34}},"81":{"start":{"line":155,"column":4},"end":{"line":155,"column":25}},"82":{"start":{"line":159,"column":3},"end":{"line":161,"column":null}},"83":{"start":{"line":160,"column":4},"end":{"line":160,"column":16}},"84":{"start":{"line":162,"column":3},"end":{"line":166,"column":null}},"85":{"start":{"line":163,"column":4},"end":{"line":163,"column":49}},"86":{"start":{"line":165,"column":4},"end":{"line":165,"column":25}},"87":{"start":{"line":169,"column":2},"end":{"line":169,"column":39}},"88":{"start":{"line":170,"column":2},"end":{"line":170,"column":26}},"89":{"start":{"line":171,"column":2},"end":{"line":171,"column":17}},"90":{"start":{"line":174,"column":1},"end":{"line":186,"column":null}},"91":{"start":{"line":175,"column":15},"end":{"line":175,"column":30}},"92":{"start":{"line":176,"column":2},"end":{"line":176,"column":34}},"93":{"start":{"line":176,"column":25},"end":{"line":176,"column":34}},"94":{"start":{"line":178,"column":27},"end":{"line":178,"column":56}},"95":{"start":{"line":179,"column":2},"end":{"line":182,"column":null}},"96":{"start":{"line":181,"column":3},"end":{"line":181,"column":9}},"97":{"start":{"line":184,"column":15},"end":{"line":184,"column":58}},"98":{"start":{"line":185,"column":2},"end":{"line":185,"column":41}},"99":{"start":{"line":189,"column":1},"end":{"line":192,"column":3}}},"fnMap":{"0":{"name":"createTreeNode","decl":{"start":{"line":6,"column":9},"end":{"line":6,"column":23}},"loc":{"start":{"line":6,"column":36},"end":{"line":8,"column":1}}},"1":{"name":"splitIntoSentences","decl":{"start":{"line":10,"column":9},"end":{"line":10,"column":27}},"loc":{"start":{"line":10,"column":40},"end":{"line":15,"column":1}}},"2":{"name":"(anonymous_2)","decl":{"start":{"line":13,"column":7},"end":{"line":13,"column":8}},"loc":{"start":{"line":13,"column":21},"end":{"line":13,"column":36}}},"3":{"name":"parseMarkdownToTree","decl":{"start":{"line":17,"column":16},"end":{"line":17,"column":35}},"loc":{"start":{"line":17,"column":52},"end":{"line":49,"column":1}}},"4":{"name":"(anonymous_4)","decl":{"start":{"line":25,"column":20},"end":{"line":25,"column":21}},"loc":{"start":{"line":25,"column":46},"end":{"line":28,"column":2}}},"5":{"name":"(anonymous_5)","decl":{"start":{"line":30,"column":21},"end":{"line":30,"column":22}},"loc":{"start":{"line":30,"column":47},"end":{"line":32,"column":2}}},"6":{"name":"parseQuotesFromStringArray","decl":{"start":{"line":51,"column":9},"end":{"line":51,"column":35}},"loc":{"start":{"line":51,"column":51},"end":{"line":129,"column":1}}},"7":{"name":"getQuoteLevel","decl":{"start":{"line":59,"column":10},"end":{"line":59,"column":23}},"loc":{"start":{"line":59,"column":36},"end":{"line":63,"column":2}}},"8":{"name":"(anonymous_8)","decl":{"start":{"line":65,"column":24},"end":{"line":65,"column":25}},"loc":{"start":{"line":65,"column":57},"end":{"line":86,"column":2}}},"9":{"name":"parseListsFromStringArray","decl":{"start":{"line":131,"column":9},"end":{"line":131,"column":34}},"loc":{"start":{"line":131,"column":50},"end":{"line":193,"column":1}}},"10":{"name":"(anonymous_10)","decl":{"start":{"line":140,"column":29},"end":{"line":140,"column":30}},"loc":{"start":{"line":140,"column":54},"end":{"line":142,"column":2}}},"11":{"name":"(anonymous_11)","decl":{"start":{"line":144,"column":20},"end":{"line":144,"column":21}},"loc":{"start":{"line":144,"column":46},"end":{"line":146,"column":2}}},"12":{"name":"(anonymous_12)","decl":{"start":{"line":148,"column":24},"end":{"line":148,"column":25}},"loc":{"start":{"line":148,"column":66},"end":{"line":172,"column":2}}}},"branchMap":{"0":{"loc":{"start":{"line":18,"column":1},"end":{"line":18,"column":33}},"type":"if","locations":[{"start":{"line":18,"column":1},"end":{"line":18,"column":33}}]},"1":{"loc":{"start":{"line":36,"column":2},"end":{"line":46,"column":null}},"type":"if","locations":[{"start":{"line":36,"column":2},"end":{"line":46,"column":null}},{"start":{"line":40,"column":9},"end":{"line":46,"column":null}}]},"2":{"loc":{"start":{"line":40,"column":9},"end":{"line":46,"column":null}},"type":"if","locations":[{"start":{"line":40,"column":9},"end":{"line":46,"column":null}},{"start":{"line":44,"column":9},"end":{"line":46,"column":null}}]},"3":{"loc":{"start":{"line":44,"column":9},"end":{"line":46,"column":null}},"type":"if","locations":[{"start":{"line":44,"column":9},"end":{"line":46,"column":null}}]},"4":{"loc":{"start":{"line":62,"column":9},"end":{"line":62,"column":56}},"type":"cond-expr","locations":[{"start":{"line":62,"column":17},"end":{"line":62,"column":52}},{"start":{"line":62,"column":55},"end":{"line":62,"column":56}}]},"5":{"loc":{"start":{"line":62,"column":18},"end":{"line":62,"column":44}},"type":"binary-expr","locations":[{"start":{"line":62,"column":18},"end":{"line":62,"column":38}},{"start":{"line":62,"column":42},"end":{"line":62,"column":44}}]},"6":{"loc":{"start":{"line":68,"column":2},"end":{"line":83,"column":null}},"type":"if","locations":[{"start":{"line":68,"column":2},"end":{"line":83,"column":null}},{"start":{"line":74,"column":9},"end":{"line":83,"column":null}}]},"7":{"loc":{"start":{"line":68,"column":6},"end":{"line":68,"column":65}},"type":"binary-expr","locations":[{"start":{"line":68,"column":6},"end":{"line":68,"column":24}},{"start":{"line":68,"column":28},"end":{"line":68,"column":65}}]},"8":{"loc":{"start":{"line":69,"column":3},"end":{"line":73,"column":null}},"type":"if","locations":[{"start":{"line":69,"column":3},"end":{"line":73,"column":null}},{"start":{"line":71,"column":10},"end":{"line":73,"column":null}}]},"9":{"loc":{"start":{"line":75,"column":10},"end":{"line":75,"column":68}},"type":"binary-expr","locations":[{"start":{"line":75,"column":10},"end":{"line":75,"column":26}},{"start":{"line":75,"column":30},"end":{"line":75,"column":68}}]},"10":{"loc":{"start":{"line":78,"column":3},"end":{"line":82,"column":null}},"type":"if","locations":[{"start":{"line":78,"column":3},"end":{"line":82,"column":null}},{"start":{"line":80,"column":10},"end":{"line":82,"column":null}}]},"11":{"loc":{"start":{"line":94,"column":2},"end":{"line":101,"column":null}},"type":"if","locations":[{"start":{"line":94,"column":2},"end":{"line":101,"column":null}}]},"12":{"loc":{"start":{"line":95,"column":3},"end":{"line":97,"column":null}},"type":"if","locations":[{"start":{"line":95,"column":3},"end":{"line":97,"column":null}}]},"13":{"loc":{"start":{"line":104,"column":2},"end":{"line":104,"column":30}},"type":"if","locations":[{"start":{"line":104,"column":2},"end":{"line":104,"column":30}}]},"14":{"loc":{"start":{"line":108,"column":2},"end":{"line":116,"column":null}},"type":"if","locations":[{"start":{"line":108,"column":2},"end":{"line":116,"column":null}},{"start":{"line":110,"column":9},"end":{"line":116,"column":null}}]},"15":{"loc":{"start":{"line":111,"column":3},"end":{"line":113,"column":null}},"type":"if","locations":[{"start":{"line":111,"column":3},"end":{"line":113,"column":null}}]},"16":{"loc":{"start":{"line":120,"column":1},"end":{"line":122,"column":null}},"type":"if","locations":[{"start":{"line":120,"column":1},"end":{"line":122,"column":null}}]},"17":{"loc":{"start":{"line":141,"column":9},"end":{"line":141,"column":44}},"type":"binary-expr","locations":[{"start":{"line":141,"column":9},"end":{"line":141,"column":39}},{"start":{"line":141,"column":43},"end":{"line":141,"column":44}}]},"18":{"loc":{"start":{"line":141,"column":9},"end":{"line":141,"column":39}},"type":"cond-expr","locations":[{"start":{"line":141,"column":27},"end":{"line":141,"column":30}},{"start":{"line":141,"column":27},"end":{"line":141,"column":39}}]},"19":{"loc":{"start":{"line":141,"column":9},"end":{"line":141,"column":30}},"type":"binary-expr","locations":[{"start":{"line":141,"column":9},"end":{"line":141,"column":30}},{"start":{"line":141,"column":27},"end":{"line":141,"column":30}}]},"20":{"loc":{"start":{"line":151,"column":2},"end":{"line":167,"column":null}},"type":"if","locations":[{"start":{"line":151,"column":2},"end":{"line":167,"column":null}},{"start":{"line":157,"column":9},"end":{"line":167,"column":null}}]},"21":{"loc":{"start":{"line":151,"column":6},"end":{"line":151,"column":65}},"type":"binary-expr","locations":[{"start":{"line":151,"column":6},"end":{"line":151,"column":24}},{"start":{"line":151,"column":28},"end":{"line":151,"column":65}}]},"22":{"loc":{"start":{"line":152,"column":3},"end":{"line":156,"column":null}},"type":"if","locations":[{"start":{"line":152,"column":3},"end":{"line":156,"column":null}},{"start":{"line":154,"column":10},"end":{"line":156,"column":null}}]},"23":{"loc":{"start":{"line":159,"column":10},"end":{"line":159,"column":68}},"type":"binary-expr","locations":[{"start":{"line":159,"column":10},"end":{"line":159,"column":26}},{"start":{"line":159,"column":30},"end":{"line":159,"column":68}}]},"24":{"loc":{"start":{"line":162,"column":3},"end":{"line":166,"column":null}},"type":"if","locations":[{"start":{"line":162,"column":3},"end":{"line":166,"column":null}},{"start":{"line":164,"column":10},"end":{"line":166,"column":null}}]},"25":{"loc":{"start":{"line":176,"column":2},"end":{"line":176,"column":34}},"type":"if","locations":[{"start":{"line":176,"column":2},"end":{"line":176,"column":34}}]},"26":{"loc":{"start":{"line":179,"column":2},"end":{"line":182,"column":null}},"type":"if","locations":[{"start":{"line":179,"column":2},"end":{"line":182,"column":null}}]}},"s":{"0":15,"1":0,"2":0,"3":8,"4":1,"5":7,"6":7,"7":7,"8":7,"9":7,"10":7,"11":7,"12":7,"13":10,"14":7,"15":10,"16":10,"17":3,"18":3,"19":3,"20":7,"21":4,"22":4,"23":4,"24":3,"25":3,"26":7,"27":1,"28":3,"29":3,"30":3,"31":12,"32":12,"33":3,"34":9,"35":9,"36":6,"37":3,"38":3,"39":3,"40":5,"41":3,"42":0,"43":3,"44":9,"45":3,"46":3,"47":3,"48":14,"49":14,"50":2,"51":2,"52":2,"53":2,"54":2,"55":12,"56":12,"57":0,"58":12,"59":12,"60":3,"61":9,"62":5,"63":9,"64":9,"65":3,"66":2,"67":3,"68":4,"69":4,"70":4,"71":4,"72":4,"73":6,"74":4,"75":6,"76":4,"77":6,"78":6,"79":6,"80":2,"81":4,"82":0,"83":0,"84":0,"85":0,"86":0,"87":6,"88":6,"89":6,"90":4,"91":8,"92":8,"93":2,"94":6,"95":6,"96":0,"97":6,"98":6,"99":4},"f":{"0":15,"1":0,"2":0,"3":8,"4":7,"5":10,"6":3,"7":12,"8":9,"9":4,"10":6,"11":6,"12":6},"b":{"0":[1],"1":[3,7],"2":[4,3],"3":[3],"4":[12,0],"5":[12,0],"6":[6,3],"7":[9,6],"8":[3,3],"9":[8,5],"10":[0,3],"11":[2],"12":[2],"13":[0],"14":[3,9],"15":[5],"16":[2],"17":[6,2],"18":[0,6],"19":[6,6],"20":[6,0],"21":[6,2],"22":[2,4],"23":[0,0],"24":[0,0],"25":[2],"26":[0]}}
}
