TN:
SF:src/Tree.ts
FN:6,createTreeNode
FN:10,parseMarkdownToTree
FN:18,(anonymous_2)
FN:23,(anonymous_3)
FN:48,parseQuotesFromStringArray
FN:56,getQuoteLevel
FN:62,(anonymous_6)
FN:128,parseListsFromStringArray
FN:137,(anonymous_8)
FN:141,(anonymous_9)
FN:145,(anonymous_10)
FN:192,parseParagraphsFromStringArray
FN:201,(anonymous_12)
FN:205,(anonymous_13)
FN:210,(anonymous_14)
FNF:15
FNH:15
FNDA:43,createTreeNode
FNDA:9,parseMarkdownToTree
FNDA:9,(anonymous_2)
FNDA:13,(anonymous_3)
FNDA:4,parseQuotesFromStringArray
FNDA:15,getQuoteLevel
FNDA:10,(anonymous_6)
FNDA:2,parseListsFromStringArray
FNDA:3,(anonymous_8)
FNDA:3,(anonymous_9)
FNDA:3,(anonymous_10)
FNDA:4,parseParagraphsFromStringArray
FNDA:30,(anonymous_12)
FNDA:31,(anonymous_13)
FNDA:30,(anonymous_14)
DA:7,43
DA:10,1
DA:11,9
DA:13,8
DA:14,8
DA:15,8
DA:16,8
DA:18,8
DA:19,9
DA:20,9
DA:23,8
DA:24,13
DA:27,8
DA:28,13
DA:29,13
DA:30,4
DA:31,4
DA:32,4
DA:33,9
DA:34,2
DA:35,2
DA:36,2
DA:37,7
DA:38,3
DA:40,4
DA:41,4
DA:42,4
DA:45,8
DA:52,4
DA:53,4
DA:54,4
DA:58,15
DA:59,15
DA:62,4
DA:63,10
DA:65,10
DA:66,7
DA:67,3
DA:69,4
DA:72,3
DA:73,5
DA:75,3
DA:76,0
DA:78,3
DA:82,10
DA:85,4
DA:86,4
DA:88,4
DA:89,18
DA:91,18
DA:92,3
DA:93,3
DA:95,3
DA:96,3
DA:97,3
DA:99,15
DA:101,15
DA:103,14
DA:105,14
DA:106,4
DA:108,10
DA:109,5
DA:111,10
DA:112,10
DA:117,4
DA:118,2
DA:122,4
DA:132,2
DA:133,2
DA:134,2
DA:135,2
DA:137,2
DA:138,3
DA:141,2
DA:142,3
DA:145,2
DA:146,3
DA:148,3
DA:149,3
DA:150,1
DA:152,2
DA:156,0
DA:157,0
DA:159,0
DA:160,0
DA:162,0
DA:166,3
DA:167,3
DA:168,3
DA:171,2
DA:172,4
DA:173,4
DA:175,3
DA:176,3
DA:178,0
DA:181,3
DA:182,3
DA:186,2
DA:196,4
DA:197,4
DA:198,4
DA:199,4
DA:201,4
DA:202,30
DA:205,4
DA:207,31
DA:210,4
DA:211,30
DA:212,30
DA:214,29
DA:215,29
DA:216,1
DA:218,1
DA:220,30
DA:223,4
DA:224,34
DA:226,34
DA:229,31
DA:230,1
DA:233,30
DA:235,30
DA:239,4
LF:122
LH:115
BRDA:11,0,0,1
BRDA:29,1,0,4
BRDA:29,1,1,9
BRDA:33,2,0,2
BRDA:33,2,1,7
BRDA:37,3,0,3
BRDA:37,3,1,4
BRDA:59,4,0,14
BRDA:59,4,1,1
BRDA:59,5,0,14
BRDA:59,5,1,0
BRDA:65,6,0,7
BRDA:65,6,1,3
BRDA:65,7,0,10
BRDA:65,7,1,6
BRDA:66,8,0,3
BRDA:66,8,1,4
BRDA:72,9,0,8
BRDA:72,9,1,5
BRDA:75,10,0,0
BRDA:75,10,1,3
BRDA:91,11,0,3
BRDA:92,12,0,3
BRDA:101,13,0,1
BRDA:105,14,0,4
BRDA:105,14,1,10
BRDA:108,15,0,5
BRDA:117,16,0,2
BRDA:138,17,0,3
BRDA:138,17,1,1
BRDA:138,18,0,0
BRDA:138,18,1,3
BRDA:138,19,0,3
BRDA:138,19,1,3
BRDA:148,20,0,3
BRDA:148,20,1,0
BRDA:148,21,0,3
BRDA:148,21,1,1
BRDA:149,22,0,1
BRDA:149,22,1,2
BRDA:156,23,0,0
BRDA:156,23,1,0
BRDA:159,24,0,0
BRDA:159,24,1,0
BRDA:173,25,0,1
BRDA:176,26,0,0
BRDA:202,27,0,30
BRDA:202,27,1,3
BRDA:202,28,0,0
BRDA:202,28,1,30
BRDA:202,29,0,30
BRDA:202,29,1,30
BRDA:212,30,0,29
BRDA:212,30,1,1
BRDA:216,31,0,1
BRDA:226,32,0,3
BRDA:229,33,0,1
BRF:57
BRH:47
end_of_record
