TN:
SF:src/Tree.ts
FN:6,createTreeNode
FN:10,splitIntoSentences
FN:13,(anonymous_2)
FN:17,parseMarkdownToTree
FN:25,(anonymous_4)
FN:30,(anonymous_5)
FN:51,parseQuotesFromStringArray
FN:59,getQuoteLevel
FN:65,(anonymous_8)
FN:131,parseListsFromStringArray
FN:140,(anonymous_10)
FN:144,(anonymous_11)
FN:148,(anonymous_12)
FNF:13
FNH:11
FNDA:15,createTreeNode
FNDA:0,splitIntoSentences
FNDA:0,(anonymous_2)
FNDA:8,parseMarkdownToTree
FNDA:7,(anonymous_4)
FNDA:10,(anonymous_5)
FNDA:3,parseQuotesFromStringArray
FNDA:12,getQuoteLevel
FNDA:9,(anonymous_8)
FNDA:4,parseListsFromStringArray
FNDA:6,(anonymous_10)
FNDA:6,(anonymous_11)
FNDA:6,(anonymous_12)
DA:7,15
DA:11,0
DA:13,0
DA:17,1
DA:18,8
DA:20,7
DA:21,7
DA:22,7
DA:23,7
DA:25,7
DA:26,7
DA:27,7
DA:30,7
DA:31,10
DA:34,7
DA:35,10
DA:36,10
DA:37,3
DA:38,3
DA:39,3
DA:40,7
DA:41,4
DA:42,4
DA:43,4
DA:44,3
DA:45,3
DA:48,7
DA:55,3
DA:56,3
DA:57,3
DA:61,12
DA:62,12
DA:65,3
DA:66,9
DA:68,9
DA:69,6
DA:70,3
DA:72,3
DA:75,3
DA:76,5
DA:78,3
DA:79,0
DA:81,3
DA:85,9
DA:88,3
DA:89,3
DA:91,3
DA:92,14
DA:94,14
DA:95,2
DA:96,2
DA:98,2
DA:99,2
DA:100,2
DA:102,12
DA:104,12
DA:106,12
DA:108,12
DA:109,3
DA:111,9
DA:112,5
DA:114,9
DA:115,9
DA:120,3
DA:121,2
DA:125,3
DA:135,4
DA:136,4
DA:137,4
DA:138,4
DA:140,4
DA:141,6
DA:144,4
DA:145,6
DA:148,4
DA:149,6
DA:151,6
DA:152,6
DA:153,2
DA:155,4
DA:159,0
DA:160,0
DA:162,0
DA:163,0
DA:165,0
DA:169,6
DA:170,6
DA:171,6
DA:174,4
DA:175,8
DA:176,8
DA:178,6
DA:179,6
DA:181,0
DA:184,6
DA:185,6
DA:189,4
LF:97
LH:88
BRDA:18,0,0,1
BRDA:36,1,0,3
BRDA:36,1,1,7
BRDA:40,2,0,4
BRDA:40,2,1,3
BRDA:44,3,0,3
BRDA:62,4,0,12
BRDA:62,4,1,0
BRDA:62,5,0,12
BRDA:62,5,1,0
BRDA:68,6,0,6
BRDA:68,6,1,3
BRDA:68,7,0,9
BRDA:68,7,1,6
BRDA:69,8,0,3
BRDA:69,8,1,3
BRDA:75,9,0,8
BRDA:75,9,1,5
BRDA:78,10,0,0
BRDA:78,10,1,3
BRDA:94,11,0,2
BRDA:95,12,0,2
BRDA:104,13,0,0
BRDA:108,14,0,3
BRDA:108,14,1,9
BRDA:111,15,0,5
BRDA:120,16,0,2
BRDA:141,17,0,6
BRDA:141,17,1,2
BRDA:141,18,0,0
BRDA:141,18,1,6
BRDA:141,19,0,6
BRDA:141,19,1,6
BRDA:151,20,0,6
BRDA:151,20,1,0
BRDA:151,21,0,6
BRDA:151,21,1,2
BRDA:152,22,0,2
BRDA:152,22,1,4
BRDA:159,23,0,0
BRDA:159,23,1,0
BRDA:162,24,0,0
BRDA:162,24,1,0
BRDA:176,25,0,2
BRDA:179,26,0,0
BRF:45
BRH:34
end_of_record
